1735641056.614258 client started (33838): version 3.5a, socket /private/tmp/tmux-502/default, protocol 8
1735641056.614304 on Darwin 24.2.0 Darwin Kernel Version 24.2.0: Fri Dec  6 18:56:34 PST 2024; root:xnu-11215.61.5~2/RELEASE_ARM64_T6020
1735641056.614313 using libevent 2.1.12-stable select
1735641056.614615 using utf8proc 2.9.0
1735641056.614624 using ncurses 6.4 20221231
1735641056.614638 flags are 0x10010000
1735641056.614643 socket is /private/tmp/tmux-502/default
1735641056.614650 trying connect
1735641056.614890 add peer 0x150040000: 6 (0x0)
1735641056.618584 sending message 111 to peer 0x150040000 (8 bytes)
1735641056.618600 sending message 111 to peer 0x150040000 (8 bytes)
1735641056.618607 sending message 101 to peer 0x150040000 (14 bytes)
1735641056.618612 sending message 109 to peer 0x150040000 (4 bytes)
1735641056.618616 sending message 102 to peer 0x150040000 (13 bytes)
1735641056.618621 sending message 108 to peer 0x150040000 (29 bytes)
1735641056.618625 sending message 112 to peer 0x150040000 (70 bytes)
1735641056.618629 sending message 112 to peer 0x150040000 (5 bytes)
1735641056.618632 sending message 112 to peer 0x150040000 (5 bytes)
1735641056.618636 sending message 112 to peer 0x150040000 (6 bytes)
1735641056.618641 sending message 112 to peer 0x150040000 (6 bytes)
1735641056.618645 sending message 112 to peer 0x150040000 (11 bytes)
1735641056.618649 sending message 112 to peer 0x150040000 (10 bytes)
1735641056.618653 sending message 112 to peer 0x150040000 (13 bytes)
1735641056.618657 sending message 112 to peer 0x150040000 (13 bytes)
1735641056.618661 sending message 112 to peer 0x150040000 (18 bytes)
1735641056.618665 sending message 112 to peer 0x150040000 (11 bytes)
1735641056.618668 sending message 112 to peer 0x150040000 (10 bytes)
1735641056.618672 sending message 112 to peer 0x150040000 (15 bytes)
1735641056.618676 sending message 112 to peer 0x150040000 (21 bytes)
1735641056.618680 sending message 112 to peer 0x150040000 (13 bytes)
1735641056.618683 sending message 112 to peer 0x150040000 (7 bytes)
1735641056.618687 sending message 112 to peer 0x150040000 (13 bytes)
1735641056.618691 sending message 112 to peer 0x150040000 (7 bytes)
1735641056.618695 sending message 112 to peer 0x150040000 (13 bytes)
1735641056.618698 sending message 112 to peer 0x150040000 (9 bytes)
1735641056.618702 sending message 112 to peer 0x150040000 (21 bytes)
1735641056.618706 sending message 112 to peer 0x150040000 (13 bytes)
1735641056.618710 sending message 112 to peer 0x150040000 (8 bytes)
1735641056.618713 sending message 112 to peer 0x150040000 (12 bytes)
1735641056.618717 sending message 112 to peer 0x150040000 (13 bytes)
1735641056.618721 sending message 112 to peer 0x150040000 (9 bytes)
1735641056.618725 sending message 112 to peer 0x150040000 (9 bytes)
1735641056.618728 sending message 112 to peer 0x150040000 (12 bytes)
1735641056.618732 sending message 112 to peer 0x150040000 (8 bytes)
1735641056.618736 sending message 112 to peer 0x150040000 (8 bytes)
1735641056.618740 sending message 112 to peer 0x150040000 (7 bytes)
1735641056.618743 sending message 112 to peer 0x150040000 (7 bytes)
1735641056.618747 sending message 112 to peer 0x150040000 (9 bytes)
1735641056.618751 sending message 112 to peer 0x150040000 (13 bytes)
1735641056.618754 sending message 112 to peer 0x150040000 (6 bytes)
1735641056.618758 sending message 112 to peer 0x150040000 (9 bytes)
1735641056.618762 sending message 112 to peer 0x150040000 (15 bytes)
1735641056.618766 sending message 112 to peer 0x150040000 (13 bytes)
1735641056.618769 sending message 112 to peer 0x150040000 (12 bytes)
1735641056.618773 sending message 112 to peer 0x150040000 (8 bytes)
1735641056.618777 sending message 112 to peer 0x150040000 (14 bytes)
1735641056.618780 sending message 112 to peer 0x150040000 (11 bytes)
1735641056.618784 sending message 112 to peer 0x150040000 (9 bytes)
1735641056.618788 sending message 112 to peer 0x150040000 (10 bytes)
1735641056.618792 sending message 112 to peer 0x150040000 (10 bytes)
1735641056.618797 sending message 112 to peer 0x150040000 (10 bytes)
1735641056.618849 sending message 112 to peer 0x150040000 (10 bytes)
1735641056.618853 sending message 112 to peer 0x150040000 (11 bytes)
1735641056.618857 sending message 112 to peer 0x150040000 (12 bytes)
1735641056.618861 sending message 112 to peer 0x150040000 (12 bytes)
1735641056.618865 sending message 112 to peer 0x150040000 (12 bytes)
1735641056.618869 sending message 112 to peer 0x150040000 (12 bytes)
1735641056.618873 sending message 112 to peer 0x150040000 (12 bytes)
1735641056.618876 sending message 112 to peer 0x150040000 (11 bytes)
1735641056.618880 sending message 112 to peer 0x150040000 (11 bytes)
1735641056.618884 sending message 112 to peer 0x150040000 (12 bytes)
1735641056.618887 sending message 112 to peer 0x150040000 (12 bytes)
1735641056.618891 sending message 112 to peer 0x150040000 (12 bytes)
1735641056.618895 sending message 112 to peer 0x150040000 (12 bytes)
1735641056.618899 sending message 112 to peer 0x150040000 (12 bytes)
1735641056.618903 sending message 112 to peer 0x150040000 (10 bytes)
1735641056.618906 sending message 112 to peer 0x150040000 (12 bytes)
1735641056.618910 sending message 112 to peer 0x150040000 (13 bytes)
1735641056.618914 sending message 112 to peer 0x150040000 (13 bytes)
1735641056.618918 sending message 112 to peer 0x150040000 (13 bytes)
1735641056.618921 sending message 112 to peer 0x150040000 (13 bytes)
1735641056.618925 sending message 112 to peer 0x150040000 (13 bytes)
1735641056.618929 sending message 112 to peer 0x150040000 (8 bytes)
1735641056.618933 sending message 112 to peer 0x150040000 (11 bytes)
1735641056.618936 sending message 112 to peer 0x150040000 (11 bytes)
1735641056.618940 sending message 112 to peer 0x150040000 (11 bytes)
1735641056.618944 sending message 112 to peer 0x150040000 (12 bytes)
1735641056.618947 sending message 112 to peer 0x150040000 (12 bytes)
1735641056.618951 sending message 112 to peer 0x150040000 (12 bytes)
1735641056.618955 sending message 112 to peer 0x150040000 (12 bytes)
1735641056.618959 sending message 112 to peer 0x150040000 (13 bytes)
1735641056.618962 sending message 112 to peer 0x150040000 (13 bytes)
1735641056.618966 sending message 112 to peer 0x150040000 (13 bytes)
1735641056.618970 sending message 112 to peer 0x150040000 (8 bytes)
1735641056.618973 sending message 112 to peer 0x150040000 (13 bytes)
1735641056.618977 sending message 112 to peer 0x150040000 (13 bytes)
1735641056.618981 sending message 112 to peer 0x150040000 (13 bytes)
1735641056.618985 sending message 112 to peer 0x150040000 (13 bytes)
1735641056.618988 sending message 112 to peer 0x150040000 (13 bytes)
1735641056.618992 sending message 112 to peer 0x150040000 (12 bytes)
1735641056.618996 sending message 112 to peer 0x150040000 (12 bytes)
1735641056.618999 sending message 112 to peer 0x150040000 (12 bytes)
1735641056.619003 sending message 112 to peer 0x150040000 (12 bytes)
1735641056.619007 sending message 112 to peer 0x150040000 (13 bytes)
1735641056.619011 sending message 112 to peer 0x150040000 (8 bytes)
1735641056.619014 sending message 112 to peer 0x150040000 (13 bytes)
1735641056.619018 sending message 112 to peer 0x150040000 (13 bytes)
1735641056.619022 sending message 112 to peer 0x150040000 (13 bytes)
1735641056.619025 sending message 112 to peer 0x150040000 (13 bytes)
1735641056.619029 sending message 112 to peer 0x150040000 (13 bytes)
1735641056.619033 sending message 112 to peer 0x150040000 (13 bytes)
1735641056.619037 sending message 112 to peer 0x150040000 (13 bytes)
1735641056.619040 sending message 112 to peer 0x150040000 (12 bytes)
1735641056.619044 sending message 112 to peer 0x150040000 (12 bytes)
1735641056.619048 sending message 112 to peer 0x150040000 (12 bytes)
1735641056.619052 sending message 112 to peer 0x150040000 (8 bytes)
1735641056.619055 sending message 112 to peer 0x150040000 (12 bytes)
1735641056.619059 sending message 112 to peer 0x150040000 (13 bytes)
1735641056.619063 sending message 112 to peer 0x150040000 (13 bytes)
1735641056.619066 sending message 112 to peer 0x150040000 (13 bytes)
1735641056.619070 sending message 112 to peer 0x150040000 (13 bytes)
1735641056.619102 sending message 112 to peer 0x150040000 (13 bytes)
1735641056.619106 sending message 112 to peer 0x150040000 (13 bytes)
1735641056.619110 sending message 112 to peer 0x150040000 (13 bytes)
1735641056.619113 sending message 112 to peer 0x150040000 (13 bytes)
1735641056.619117 sending message 112 to peer 0x150040000 (12 bytes)
1735641056.619121 sending message 112 to peer 0x150040000 (10 bytes)
1735641056.619125 sending message 112 to peer 0x150040000 (12 bytes)
1735641056.619129 sending message 112 to peer 0x150040000 (12 bytes)
1735641056.619133 sending message 112 to peer 0x150040000 (12 bytes)
1735641056.619136 sending message 112 to peer 0x150040000 (13 bytes)
1735641056.619140 sending message 112 to peer 0x150040000 (13 bytes)
1735641056.619144 sending message 112 to peer 0x150040000 (13 bytes)
1735641056.619147 sending message 112 to peer 0x150040000 (13 bytes)
1735641056.619151 sending message 112 to peer 0x150040000 (13 bytes)
1735641056.619155 sending message 112 to peer 0x150040000 (13 bytes)
1735641056.619159 sending message 112 to peer 0x150040000 (13 bytes)
1735641056.619162 sending message 112 to peer 0x150040000 (10 bytes)
1735641056.619166 sending message 112 to peer 0x150040000 (13 bytes)
1735641056.619170 sending message 112 to peer 0x150040000 (12 bytes)
1735641056.619173 sending message 112 to peer 0x150040000 (12 bytes)
1735641056.619177 sending message 112 to peer 0x150040000 (12 bytes)
1735641056.619181 sending message 112 to peer 0x150040000 (10 bytes)
1735641056.619184 sending message 112 to peer 0x150040000 (10 bytes)
1735641056.619188 sending message 112 to peer 0x150040000 (10 bytes)
1735641056.619192 sending message 112 to peer 0x150040000 (12 bytes)
1735641056.619195 sending message 112 to peer 0x150040000 (13 bytes)
1735641056.619199 sending message 112 to peer 0x150040000 (13 bytes)
1735641056.619203 sending message 112 to peer 0x150040000 (13 bytes)
1735641056.619207 sending message 112 to peer 0x150040000 (13 bytes)
1735641056.619210 sending message 112 to peer 0x150040000 (13 bytes)
1735641056.619214 sending message 112 to peer 0x150040000 (11 bytes)
1735641056.619218 sending message 112 to peer 0x150040000 (11 bytes)
1735641056.619221 sending message 112 to peer 0x150040000 (12 bytes)
1735641056.619225 sending message 112 to peer 0x150040000 (12 bytes)
1735641056.619229 sending message 112 to peer 0x150040000 (12 bytes)
1735641056.619232 sending message 112 to peer 0x150040000 (12 bytes)
1735641056.619236 sending message 112 to peer 0x150040000 (12 bytes)
1735641056.619240 sending message 112 to peer 0x150040000 (11 bytes)
1735641056.619244 sending message 112 to peer 0x150040000 (12 bytes)
1735641056.619247 sending message 112 to peer 0x150040000 (12 bytes)
1735641056.619251 sending message 112 to peer 0x150040000 (13 bytes)
1735641056.619255 sending message 112 to peer 0x150040000 (13 bytes)
1735641056.619258 sending message 112 to peer 0x150040000 (13 bytes)
1735641056.619262 sending message 112 to peer 0x150040000 (13 bytes)
1735641056.619266 sending message 112 to peer 0x150040000 (13 bytes)
1735641056.619269 sending message 112 to peer 0x150040000 (10 bytes)
1735641056.619273 sending message 112 to peer 0x150040000 (9 bytes)
1735641056.619277 sending message 112 to peer 0x150040000 (12 bytes)
1735641056.619280 sending message 112 to peer 0x150040000 (13 bytes)
1735641056.619284 sending message 112 to peer 0x150040000 (13 bytes)
1735641056.619288 sending message 112 to peer 0x150040000 (13 bytes)
1735641056.619291 sending message 112 to peer 0x150040000 (13 bytes)
1735641056.619295 sending message 112 to peer 0x150040000 (13 bytes)
1735641056.619299 sending message 112 to peer 0x150040000 (9 bytes)
1735641056.619302 sending message 112 to peer 0x150040000 (12 bytes)
1735641056.619306 sending message 112 to peer 0x150040000 (13 bytes)
1735641056.619310 sending message 112 to peer 0x150040000 (13 bytes)
1735641056.619313 sending message 112 to peer 0x150040000 (13 bytes)
1735641056.619317 sending message 112 to peer 0x150040000 (13 bytes)
1735641056.619356 sending message 112 to peer 0x150040000 (13 bytes)
1735641056.619360 sending message 112 to peer 0x150040000 (11 bytes)
1735641056.619363 sending message 112 to peer 0x150040000 (12 bytes)
1735641056.619367 sending message 112 to peer 0x150040000 (13 bytes)
1735641056.619371 sending message 112 to peer 0x150040000 (13 bytes)
1735641056.619374 sending message 112 to peer 0x150040000 (13 bytes)
1735641056.619378 sending message 112 to peer 0x150040000 (13 bytes)
1735641056.619382 sending message 112 to peer 0x150040000 (13 bytes)
1735641056.619386 sending message 112 to peer 0x150040000 (11 bytes)
1735641056.619389 sending message 112 to peer 0x150040000 (12 bytes)
1735641056.619393 sending message 112 to peer 0x150040000 (12 bytes)
1735641056.619396 sending message 112 to peer 0x150040000 (12 bytes)
1735641056.619400 sending message 112 to peer 0x150040000 (12 bytes)
1735641056.619404 sending message 112 to peer 0x150040000 (12 bytes)
1735641056.619408 sending message 112 to peer 0x150040000 (21 bytes)
1735641056.619411 sending message 112 to peer 0x150040000 (12 bytes)
1735641056.619415 sending message 112 to peer 0x150040000 (9 bytes)
1735641056.619418 sending message 112 to peer 0x150040000 (6 bytes)
1735641056.619422 sending message 112 to peer 0x150040000 (13 bytes)
1735641056.619426 sending message 112 to peer 0x150040000 (8 bytes)
1735641056.619430 sending message 112 to peer 0x150040000 (15 bytes)
1735641056.619433 sending message 112 to peer 0x150040000 (13 bytes)
1735641056.619437 sending message 112 to peer 0x150040000 (9 bytes)
1735641056.619441 sending message 112 to peer 0x150040000 (70 bytes)
1735641056.619444 sending message 112 to peer 0x150040000 (69 bytes)
1735641056.619448 sending message 112 to peer 0x150040000 (10 bytes)
1735641056.619452 sending message 112 to peer 0x150040000 (10 bytes)
1735641056.619455 sending message 112 to peer 0x150040000 (8 bytes)
1735641056.619459 sending message 112 to peer 0x150040000 (15 bytes)
1735641056.619463 sending message 112 to peer 0x150040000 (13 bytes)
1735641056.619466 sending message 112 to peer 0x150040000 (10 bytes)
1735641056.619470 sending message 112 to peer 0x150040000 (10 bytes)
1735641056.619474 sending message 112 to peer 0x150040000 (17 bytes)
1735641056.619477 sending message 112 to peer 0x150040000 (10 bytes)
1735641056.619481 sending message 112 to peer 0x150040000 (13 bytes)
1735641056.619485 sending message 112 to peer 0x150040000 (9 bytes)
1735641056.619488 sending message 112 to peer 0x150040000 (5 bytes)
1735641056.619492 sending message 112 to peer 0x150040000 (15 bytes)
1735641056.619497 sending message 104 to peer 0x150040000 (0 bytes)
1735641056.619501 sending message 110 to peer 0x150040000 (0 bytes)
1735641056.619505 sending message 107 to peer 0x150040000 (4 bytes)
1735641056.619508 sending message 105 to peer 0x150040000 (50 bytes)
1735641056.619512 sending message 105 to peer 0x150040000 (47 bytes)
1735641056.619516 sending message 105 to peer 0x150040000 (20 bytes)
1735641056.619520 sending message 105 to peer 0x150040000 (22 bytes)
1735641056.619523 sending message 105 to peer 0x150040000 (19 bytes)
1735641056.619527 sending message 105 to peer 0x150040000 (65 bytes)
1735641056.619531 sending message 105 to peer 0x150040000 (12 bytes)
1735641056.619534 sending message 105 to peer 0x150040000 (21 bytes)
1735641056.619538 sending message 105 to peer 0x150040000 (23 bytes)
1735641056.619542 sending message 105 to peer 0x150040000 (128 bytes)
1735641056.619545 sending message 105 to peer 0x150040000 (16 bytes)
1735641056.619549 sending message 105 to peer 0x150040000 (60 bytes)
1735641056.619553 sending message 105 to peer 0x150040000 (30 bytes)
1735641056.619557 sending message 105 to peer 0x150040000 (18 bytes)
1735641056.619560 sending message 105 to peer 0x150040000 (17 bytes)
1735641056.619564 sending message 105 to peer 0x150040000 (8 bytes)
1735641056.619568 sending message 105 to peer 0x150040000 (46 bytes)
1735641056.619571 sending message 105 to peer 0x150040000 (19 bytes)
1735641056.619610 sending message 105 to peer 0x150040000 (32 bytes)
1735641056.619615 sending message 105 to peer 0x150040000 (1905 bytes)
1735641056.619619 sending message 105 to peer 0x150040000 (15 bytes)
1735641056.619623 sending message 105 to peer 0x150040000 (179 bytes)
1735641056.619627 sending message 105 to peer 0x150040000 (74 bytes)
1735641056.619630 sending message 105 to peer 0x150040000 (76 bytes)
1735641056.619634 sending message 105 to peer 0x150040000 (19 bytes)
1735641056.619638 sending message 105 to peer 0x150040000 (36 bytes)
1735641056.619642 sending message 105 to peer 0x150040000 (11 bytes)
1735641056.619645 sending message 105 to peer 0x150040000 (65 bytes)
1735641056.619649 sending message 105 to peer 0x150040000 (2998 bytes)
1735641056.619653 sending message 105 to peer 0x150040000 (33 bytes)
1735641056.619657 sending message 105 to peer 0x150040000 (15 bytes)
1735641056.619661 sending message 105 to peer 0x150040000 (8 bytes)
1735641056.619665 sending message 105 to peer 0x150040000 (19 bytes)
1735641056.619668 sending message 105 to peer 0x150040000 (66 bytes)
1735641056.619672 sending message 105 to peer 0x150040000 (55 bytes)
1735641056.619676 sending message 105 to peer 0x150040000 (19 bytes)
1735641056.619680 sending message 105 to peer 0x150040000 (123 bytes)
1735641056.619688 sending message 105 to peer 0x150040000 (18 bytes)
1735641056.619693 sending message 105 to peer 0x150040000 (26 bytes)
1735641056.619696 sending message 105 to peer 0x150040000 (57 bytes)
1735641056.619700 sending message 105 to peer 0x150040000 (43 bytes)
1735641056.619704 sending message 105 to peer 0x150040000 (46 bytes)
1735641056.619708 sending message 105 to peer 0x150040000 (58 bytes)
1735641056.619711 sending message 105 to peer 0x150040000 (37 bytes)
1735641056.619715 sending message 105 to peer 0x150040000 (41 bytes)
1735641056.619719 sending message 105 to peer 0x150040000 (14 bytes)
1735641056.619722 sending message 105 to peer 0x150040000 (16 bytes)
1735641056.619726 sending message 105 to peer 0x150040000 (15 bytes)
1735641056.619730 sending message 105 to peer 0x150040000 (40 bytes)
1735641056.619734 sending message 105 to peer 0x150040000 (42 bytes)
1735641056.619737 sending message 105 to peer 0x150040000 (115 bytes)
1735641056.619741 sending message 105 to peer 0x150040000 (45 bytes)
1735641056.619745 sending message 105 to peer 0x150040000 (46 bytes)
1735641056.619748 sending message 105 to peer 0x150040000 (14 bytes)
1735641056.619752 sending message 105 to peer 0x150040000 (19 bytes)
1735641056.619756 sending message 105 to peer 0x150040000 (38 bytes)
1735641056.619760 sending message 105 to peer 0x150040000 (43 bytes)
1735641056.619763 sending message 105 to peer 0x150040000 (42 bytes)
1735641056.619767 sending message 105 to peer 0x150040000 (38 bytes)
1735641056.619771 sending message 105 to peer 0x150040000 (25 bytes)
1735641056.619774 sending message 105 to peer 0x150040000 (29 bytes)
1735641056.619778 sending message 105 to peer 0x150040000 (47 bytes)
1735641056.619782 sending message 105 to peer 0x150040000 (41 bytes)
1735641056.619786 sending message 105 to peer 0x150040000 (1051 bytes)
1735641056.619790 sending message 105 to peer 0x150040000 (113 bytes)
1735641056.619793 sending message 105 to peer 0x150040000 (54 bytes)
1735641056.619797 sending message 105 to peer 0x150040000 (21 bytes)
1735641056.619801 sending message 105 to peer 0x150040000 (18 bytes)
1735641056.619804 sending message 105 to peer 0x150040000 (17 bytes)
1735641056.619808 sending message 105 to peer 0x150040000 (16 bytes)
1735641056.619812 sending message 105 to peer 0x150040000 (119 bytes)
1735641056.619815 sending message 105 to peer 0x150040000 (18 bytes)
1735641056.619819 sending message 105 to peer 0x150040000 (21 bytes)
1735641056.619823 sending message 105 to peer 0x150040000 (30 bytes)
1735641056.619826 sending message 105 to peer 0x150040000 (12 bytes)
1735641056.619830 sending message 105 to peer 0x150040000 (793 bytes)
1735641056.619834 sending message 105 to peer 0x150040000 (28 bytes)
1735641056.619838 sending message 105 to peer 0x150040000 (9 bytes)
1735641056.619869 sending message 105 to peer 0x150040000 (15 bytes)
1735641056.619873 sending message 105 to peer 0x150040000 (1015 bytes)
1735641056.619877 sending message 105 to peer 0x150040000 (28 bytes)
1735641056.619881 sending message 105 to peer 0x150040000 (9 bytes)
1735641056.619885 sending message 105 to peer 0x150040000 (16 bytes)
1735641056.619889 sending message 105 to peer 0x150040000 (451 bytes)
1735641056.619892 sending message 105 to peer 0x150040000 (371 bytes)
1735641056.619896 sending message 105 to peer 0x150040000 (65 bytes)
1735641056.619900 sending message 105 to peer 0x150040000 (19 bytes)
1735641056.619904 sending message 105 to peer 0x150040000 (1316 bytes)
1735641056.619908 sending message 105 to peer 0x150040000 (16 bytes)
1735641056.619911 sending message 105 to peer 0x150040000 (19 bytes)
1735641056.619915 sending message 105 to peer 0x150040000 (12 bytes)
1735641056.619919 sending message 105 to peer 0x150040000 (56 bytes)
1735641056.619923 sending message 105 to peer 0x150040000 (19 bytes)
1735641056.619926 sending message 105 to peer 0x150040000 (27 bytes)
1735641056.619930 sending message 105 to peer 0x150040000 (20 bytes)
1735641056.619934 sending message 105 to peer 0x150040000 (16 bytes)
1735641056.619938 sending message 105 to peer 0x150040000 (14 bytes)
1735641056.619941 sending message 105 to peer 0x150040000 (16 bytes)
1735641056.619945 sending message 105 to peer 0x150040000 (6 bytes)
1735641056.619949 sending message 105 to peer 0x150040000 (72 bytes)
1735641056.619952 sending message 105 to peer 0x150040000 (28 bytes)
1735641056.619956 sending message 105 to peer 0x150040000 (28 bytes)
1735641056.619960 sending message 105 to peer 0x150040000 (10 bytes)
1735641056.619963 sending message 105 to peer 0x150040000 (28 bytes)
1735641056.619967 sending message 105 to peer 0x150040000 (12 bytes)
1735641056.619971 sending message 105 to peer 0x150040000 (12 bytes)
1735641056.619975 sending message 105 to peer 0x150040000 (6 bytes)
1735641056.619978 sending message 105 to peer 0x150040000 (9 bytes)
1735641056.619982 sending message 105 to peer 0x150040000 (20 bytes)
1735641056.619986 sending message 105 to peer 0x150040000 (12 bytes)
1735641056.619989 sending message 105 to peer 0x150040000 (25 bytes)
1735641056.619993 sending message 105 to peer 0x150040000 (12 bytes)
1735641056.619997 sending message 105 to peer 0x150040000 (73 bytes)
1735641056.620001 sending message 105 to peer 0x150040000 (24 bytes)
1735641056.620004 sending message 105 to peer 0x150040000 (45 bytes)
1735641056.620008 sending message 105 to peer 0x150040000 (110 bytes)
1735641056.620012 sending message 105 to peer 0x150040000 (78 bytes)
1735641056.620015 sending message 105 to peer 0x150040000 (71 bytes)
1735641056.620019 sending message 105 to peer 0x150040000 (5457 bytes)
1735641056.620024 sending message 105 to peer 0x150040000 (48 bytes)
1735641056.620027 sending message 105 to peer 0x150040000 (80 bytes)
1735641056.620031 sending message 105 to peer 0x150040000 (29 bytes)
1735641056.620035 sending message 105 to peer 0x150040000 (408 bytes)
1735641056.620039 sending message 105 to peer 0x150040000 (96 bytes)
1735641056.620043 sending message 105 to peer 0x150040000 (18 bytes)
1735641056.620046 sending message 105 to peer 0x150040000 (50 bytes)
1735641056.620050 sending message 105 to peer 0x150040000 (35 bytes)
1735641056.620054 sending message 105 to peer 0x150040000 (22 bytes)
1735641056.620057 sending message 105 to peer 0x150040000 (27 bytes)
1735641056.620061 sending message 105 to peer 0x150040000 (73 bytes)
1735641056.620065 sending message 105 to peer 0x150040000 (30 bytes)
1735641056.620068 sending message 105 to peer 0x150040000 (14 bytes)
1735641056.620072 sending message 105 to peer 0x150040000 (19 bytes)
1735641056.620076 sending message 105 to peer 0x150040000 (16 bytes)
1735641056.620080 sending message 105 to peer 0x150040000 (24 bytes)
1735641056.620083 sending message 105 to peer 0x150040000 (31 bytes)
1735641056.620087 sending message 105 to peer 0x150040000 (6 bytes)
1735641056.620119 sending message 105 to peer 0x150040000 (178 bytes)
1735641056.620123 sending message 105 to peer 0x150040000 (124 bytes)
1735641056.620126 sending message 105 to peer 0x150040000 (41 bytes)
1735641056.620130 sending message 105 to peer 0x150040000 (6 bytes)
1735641056.620134 sending message 105 to peer 0x150040000 (29 bytes)
1735641056.620138 sending message 105 to peer 0x150040000 (23 bytes)
1735641056.620141 sending message 105 to peer 0x150040000 (26 bytes)
1735641056.620145 sending message 105 to peer 0x150040000 (19 bytes)
1735641056.620149 sending message 105 to peer 0x150040000 (42 bytes)
1735641056.620152 sending message 106 to peer 0x150040000 (0 bytes)
1735641056.620214 sending message 200 to peer 0x150040000 (4 bytes)
1735641056.620220 client loop enter
1735641056.620494 peer 0x150040000 message 303
1735641056.620501 open write file 2 -
1735641056.620516 sending message 305 to peer 0x150040000 (8 bytes)
1735641056.620527 write check file 2
1735641056.620545 peer 0x150040000 message 304
1735641056.620550 write 58 to file 2
1735641056.620555 peer 0x150040000 message 203
1735641056.620559 file 2 58 bytes left
1735641056.620570 write check file 2
1735641056.620574 client loop exit
